Arguments: 
  C:\Program Files\nodejs\node.exe C:\Users\Aurore Game\AppData\Roaming\npm\node_modules\yarn\bin\yarn.js

PATH: 
  C:\Windows\system32;C:\Windows;C:\Windows\System32\Wbem;C:\Windows\System32\WindowsPowerShell\v1.0\;C:\Windows\System32\OpenSSH\;C:\Program Files (x86)\NVIDIA Corporation\PhysX\Common;C:\Program Files\NVIDIA Corporation\NVIDIA NvDLISR;C:\Program Files\TortoiseSVN\bin;C:\Program Files\nodejs\;C:\Program Files\Git\cmd;C:\Program Files\TortoiseGit\bin;C:\Program Files (x86)\QuickTime\QTSystem\;C:\Program Files\dotnet\;C:\Users\Aurore Game\AppData\Local\Microsoft\WindowsApps;C:\Users\Aurore Game\AppData\Roaming\npm;C:\Users\Aurore Game\AppData\Local\Programs\Microsoft VS Code\bin;C:\Program Files\MySQL\MySQL Server 8.0\bin;C:\Users\Aurore Game\AppData\Local\GitHubDesktop\bin;C:\Users\Aurore Game\.dotnet\tools

Yarn version: 
  1.22.11

Node version: 
  14.17.0

Platform: 
  win32 x64

Trace: 
  Error: EPERM: operation not permitted, unlink 'D:\Works\vue3muke\vue3muke\node_modules\esbuild-windows-64\esbuild.exe'

npm manifest: 
  {
    "name": "vue3muke",
    "version": "0.0.0",
    "scripts": {
      "dev": "vite",
      "build": "vite build",
      "serve": "vite preview"
    },
    "dependencies": {
      "vue": "^3.2.16",
      "axios": "^0.24.0",
      "element-plus": "^1.2.0-beta.5",
      "vite": "^2.6.4",
      "vue-router": "^4.0.12",
      "vuex": "^4.0.2"
    },
    "devDependencies": {
      "@vitejs/plugin-vue": "^1.9.3",
      "@vue/compiler-sfc": "^3.0.5",
      "sass": "^1.44.0"
    }
  }

yarn manifest: 
  No manifest

Lockfile: 
  No lockfile
